<?xml version="1.0" encoding="UTF-8"?>
<!-- Generated by org.testng.reporters.JUnitReportReporter -->
<testsuite skipped="0" hostname="DESKTOP-M5VEILC" name="com.cleartrip.testcases.Searchflighttestcase" tests="1" failures="0" timestamp="2021-07-19T11:48:45 IST" time="24.663" errors="0">
  <testcase name="searchflight" time="24.663" classname="com.cleartrip.testcases.Searchflighttestcase"/>
  <system-out/>
</testsuite> <!-- com.cleartrip.testcases.Searchflighttestcase -->
